<?xml version="1.0" encoding="UTF-8"?>
<testsuite name="hello.hellospring.service.MemberServiceTest" tests="4" skipped="0" failures="0" errors="0" timestamp="2025-11-10T12:19:56.928Z" hostname="hanhyemin-ui-MacBookAir.local" time="0.028">
  <properties/>
  <testcase name="findOne()" classname="hello.hellospring.service.MemberServiceTest" time="0.008"/>
  <testcase name="중복회원예외()" classname="hello.hellospring.service.MemberServiceTest" time="0.002"/>
  <testcase name="회원가입()" classname="hello.hellospring.service.MemberServiceTest" time="0.017"/>
  <testcase name="findMembers()" classname="hello.hellospring.service.MemberServiceTest" time="0.0"/>
  <system-out><![CDATA[]]></system-out>
  <system-err><![CDATA[]]></system-err>
</testsuite>
